<?xml version="1.0" encoding="UTF-8"?>
<!-- Generated by org.testng.reporters.JUnitReportReporter -->
<testsuite skipped="0" hostname="W1060LJMV1" name="com.TestScript.LoginTest" tests="1" failures="0" timestamp="26 Sep 2017 12:39:01 GMT" time="39.668" errors="0">
  <testcase name="logintopracticeapplication" time="39.668" classname="com.TestScript.LoginTest"/>
</testsuite> <!-- com.TestScript.LoginTest -->
